<?xml version="1.0" encoding="UTF-8"?>
<testng-results skipped="0" failed="0" total="2" passed="2">
  <reporter-output>
  </reporter-output>
  <suite name="Suite" duration-ms="9601" started-at="2015-09-27T22:30:05Z" finished-at="2015-09-27T22:30:14Z">
    <groups>
    </groups>
    <test name="Test1" duration-ms="9601" started-at="2015-09-27T22:30:05Z" finished-at="2015-09-27T22:30:14Z">
      <class name="MyTestPac.Test1">
        <test-method status="PASS" signature="beforeMethod()[pri:0, instance:MyTestPac.Test1@380fb434]" name="beforeMethod" is-config="true" duration-ms="4670" started-at="2015-09-28T08:30:05Z" finished-at="2015-09-28T08:30:09Z">
          <reporter-output>
          </reporter-output>
        </test-method> <!-- beforeMethod -->
        <test-method status="PASS" signature="test1()[pri:0, instance:MyTestPac.Test1@380fb434]" name="test1" duration-ms="165" started-at="2015-09-28T08:30:09Z" finished-at="2015-09-28T08:30:10Z">
          <reporter-output>
          </reporter-output>
        </test-method> <!-- test1 -->
        <test-method status="PASS" signature="beforeMethod()[pri:0, instance:MyTestPac.Test1@380fb434]" name="beforeMethod" is-config="true" duration-ms="4596" started-at="2015-09-28T08:30:10Z" finished-at="2015-09-28T08:30:14Z">
          <reporter-output>
          </reporter-output>
        </test-method> <!-- beforeMethod -->
        <test-method status="PASS" signature="AfterMethod()[pri:0, instance:MyTestPac.Test1@380fb434]" name="AfterMethod" is-config="true" duration-ms="0" started-at="2015-09-28T08:30:10Z" finished-at="2015-09-28T08:30:10Z">
          <reporter-output>
          </reporter-output>
        </test-method> <!-- AfterMethod -->
        <test-method status="PASS" signature="test2()[pri:0, instance:MyTestPac.Test1@380fb434]" name="test2" duration-ms="159" started-at="2015-09-28T08:30:14Z" finished-at="2015-09-28T08:30:14Z">
          <reporter-output>
          </reporter-output>
        </test-method> <!-- test2 -->
        <test-method status="PASS" signature="AfterMethod()[pri:0, instance:MyTestPac.Test1@380fb434]" name="AfterMethod" is-config="true" duration-ms="0" started-at="2015-09-28T08:30:14Z" finished-at="2015-09-28T08:30:14Z">
          <reporter-output>
          </reporter-output>
        </test-method> <!-- AfterMethod -->
      </class> <!-- MyTestPac.Test1 -->
    </test> <!-- Test1 -->
  </suite> <!-- Suite -->
</testng-results>
